app/build/intermediates/manifest_merge_blame_file/debug/manifest-merger-blame-debug-report.txt
1<?xml version="1.0" encoding="utf-8"?>
2<manifest xmlns:android="http://schemas.android.com/apk/res/android"
3    package="mx.com.systemjorge.lostpetsdelrincon"
4    android:versionCode="1"
5    android:versionName="1.0" >
6
7    <uses-sdk
8        android:minSdkVersion="21"
8-->src\main\AndroidManifest.xml
9        android:targetSdkVersion="30" />
9-->src\main\AndroidManifest.xml
10
11    <uses-permission android:name="android.permission.ACCESS_NETWORK_STATE" />
11-->src\main\AndroidManifest.xml:5:5-79
11-->src\main\AndroidManifest.xml:5:22-76
12    <uses-permission android:name="android.permission.INTERNET" />
12-->src\main\AndroidManifest.xml:6:5-67
12-->src\main\AndroidManifest.xml:6:22-64
13    <uses-permission android:name="android.permission.ACCESS_NETWORK_STATE" />
13-->src\main\AndroidManifest.xml:5:5-79
13-->src\main\AndroidManifest.xml:5:22-76
14    <uses-permission android:name="android.permission.WAKE_LOCK" />
14-->[com.google.firebase:firebase-measurement-connector-impl:16.0.1] AndroidManifest.xml:24:5-68
14-->[com.google.firebase:firebase-measurement-connector-impl:16.0.1] AndroidManifest.xml:24:22-65
15    <uses-permission android:name="com.google.android.finsky.permission.BIND_GET_INSTALL_REFERRER_SERVICE" /> <!-- Required by older versions of Google Play services to create IID tokens -->
15-->[com.google.firebase:firebase-analytics:16.0.1] AndroidManifest.xml:26:5-110
15-->[com.google.firebase:firebase-analytics:16.0.1] AndroidManifest.xml:26:22-107
16    <uses-permission android:name="com.google.android.c2dm.permission.RECEIVE" />
16-->[com.google.firebase:firebase-iid:17.0.4] AndroidManifest.xml:26:5-82
16-->[com.google.firebase:firebase-iid:17.0.4] AndroidManifest.xml:26:22-79
17
18    <application
18-->src\main\AndroidManifest.xml:9:5-39:19
19        android:allowBackup="true"
19-->src\main\AndroidManifest.xml:11:9-35
20        android:appComponentFactory="androidx.core.app.CoreComponentFactory"
20-->[androidx.core:core:1.3.1] AndroidManifest.xml:24:18-86
21        android:debuggable="true"
22        android:icon="@mipmap/ic_launcher"
22-->src\main\AndroidManifest.xml:12:9-43
23        android:roundIcon="@mipmap/ic_launcher_round"
23-->src\main\AndroidManifest.xml:13:9-54
24        android:supportsRtl="true"
24-->src\main\AndroidManifest.xml:14:9-35
25        android:testOnly="true"
26        android:theme="@style/Theme.AppCompat.Light.NoActionBar" >
26-->src\main\AndroidManifest.xml:15:9-65
27        <activity
27-->src\main\AndroidManifest.xml:16:9-19:20
28            android:name="mx.com.systemjorge.mascotasapp.Activities.PrimerActivity"
28-->src\main\AndroidManifest.xml:16:19-60
29            android:label="" >
29-->src\main\AndroidManifest.xml:17:13-29
30        </activity>
31        <activity android:name="mx.com.systemjorge.mascotasapp.LoginActivity" >
31-->src\main\AndroidManifest.xml:21:9-27:20
31-->src\main\AndroidManifest.xml:21:19-48
32            <intent-filter>
32-->src\main\AndroidManifest.xml:22:13-26:29
33                <action android:name="android.intent.action.MAIN" />
33-->src\main\AndroidManifest.xml:23:17-69
33-->src\main\AndroidManifest.xml:23:25-66
34
35                <category android:name="android.intent.category.LAUNCHER" />
35-->src\main\AndroidManifest.xml:25:17-77
35-->src\main\AndroidManifest.xml:25:27-74
36            </intent-filter>
37        </activity>
38
39        <service android:name="mx.com.systemjorge.mascotasapp.MyFirebaseMessagingService" >
39-->src\main\AndroidManifest.xml:28:9-30:35
39-->src\main\AndroidManifest.xml:28:18-60
40            <intent-filter>
40-->src\main\AndroidManifest.xml:28:61-30:25
41                <action android:name="com.google.firebase.MESSAGING_EVENT" />
41-->src\main\AndroidManifest.xml:29:13-81
41-->src\main\AndroidManifest.xml:29:21-71
42            </intent-filter>
43        </service>
44
45        <activity
45-->src\main\AndroidManifest.xml:33:9-36:81
46            android:name="mx.com.systemjorge.mascotasapp.MainActivity"
46-->src\main\AndroidManifest.xml:34:13-41
47            android:label=""
47-->src\main\AndroidManifest.xml:35:13-29
48            android:theme="@style/Theme.AppCompat.Light.NoActionBar" />
48-->src\main\AndroidManifest.xml:36:13-69
49
50        <!--
51             FirebaseMessagingService performs security checks at runtime,
52             no need for explicit permissions despite exported="true"
53        -->
54        <service
54-->[com.google.firebase:firebase-messaging:17.3.4] AndroidManifest.xml:28:9-34:19
55            android:name="com.google.firebase.messaging.FirebaseMessagingService"
55-->[com.google.firebase:firebase-messaging:17.3.4] AndroidManifest.xml:29:13-82
56            android:exported="true" >
56-->[com.google.firebase:firebase-messaging:17.3.4] AndroidManifest.xml:30:13-36
57            <intent-filter android:priority="-500" >
57-->src\main\AndroidManifest.xml:28:61-30:25
58                <action android:name="com.google.firebase.MESSAGING_EVENT" />
58-->src\main\AndroidManifest.xml:29:13-81
58-->src\main\AndroidManifest.xml:29:21-71
59            </intent-filter>
60        </service>
61        <service
61-->[com.google.firebase:firebase-database:19.3.1] AndroidManifest.xml:29:9-35:19
62            android:name="com.google.firebase.components.ComponentDiscoveryService"
62-->[com.google.firebase:firebase-database:19.3.1] AndroidManifest.xml:30:13-84
63            android:directBootAware="true"
63-->[com.google.firebase:firebase-common:19.3.0] AndroidManifest.xml:34:13-43
64            android:exported="false" >
64-->[com.google.firebase:firebase-database:19.3.1] AndroidManifest.xml:31:13-37
65            <meta-data
65-->[com.google.firebase:firebase-database:19.3.1] AndroidManifest.xml:32:13-34:85
66                android:name="com.google.firebase.components:com.google.firebase.database.DatabaseRegistrar"
66-->[com.google.firebase:firebase-database:19.3.1] AndroidManifest.xml:33:17-109
67                android:value="com.google.firebase.components.ComponentRegistrar" />
67-->[com.google.firebase:firebase-database:19.3.1] AndroidManifest.xml:34:17-82
68            <meta-data
68-->[com.google.firebase:firebase-auth:20.0.0] AndroidManifest.xml:85:13-87:85
69                android:name="com.google.firebase.components:com.google.firebase.auth.FirebaseAuthRegistrar"
69-->[com.google.firebase:firebase-auth:20.0.0] AndroidManifest.xml:86:17-109
70                android:value="com.google.firebase.components.ComponentRegistrar" />
70-->[com.google.firebase:firebase-auth:20.0.0] AndroidManifest.xml:87:17-82
71            <meta-data
71-->[com.google.firebase:firebase-measurement-connector-impl:16.0.1] AndroidManifest.xml:28:13-30:85
72                android:name="com.google.firebase.components:com.google.firebase.analytics.connector.internal.AnalyticsConnectorRegistrar"
72-->[com.google.firebase:firebase-measurement-connector-impl:16.0.1] AndroidManifest.xml:29:17-139
73                android:value="com.google.firebase.components.ComponentRegistrar" />
73-->[com.google.firebase:firebase-measurement-connector-impl:16.0.1] AndroidManifest.xml:30:17-82
74            <meta-data
74-->[com.google.firebase:firebase-iid:17.0.4] AndroidManifest.xml:32:13-34:85
75                android:name="com.google.firebase.components:com.google.firebase.iid.Registrar"
75-->[com.google.firebase:firebase-iid:17.0.4] AndroidManifest.xml:33:17-96
76                android:value="com.google.firebase.components.ComponentRegistrar" />
76-->[com.google.firebase:firebase-iid:17.0.4] AndroidManifest.xml:34:17-82
77        </service>
78
79        <activity
79-->[com.google.firebase:firebase-auth:20.0.0] AndroidManifest.xml:27:9-34:50
80            android:name="com.google.firebase.auth.internal.FederatedSignInActivity"
80-->[com.google.firebase:firebase-auth:20.0.0] AndroidManifest.xml:28:13-85
81            android:excludeFromRecents="true"
81-->[com.google.firebase:firebase-auth:20.0.0] AndroidManifest.xml:29:13-46
82            android:exported="true"
82-->[com.google.firebase:firebase-auth:20.0.0] AndroidManifest.xml:30:13-36
83            android:launchMode="singleTask"
83-->[com.google.firebase:firebase-auth:20.0.0] AndroidManifest.xml:31:13-44
84            android:permission="com.google.firebase.auth.api.gms.permission.LAUNCH_FEDERATED_SIGN_IN"
84-->[com.google.firebase:firebase-auth:20.0.0] AndroidManifest.xml:32:13-102
85            android:theme="@android:style/Theme.Translucent.NoTitleBar" />
85-->[com.google.firebase:firebase-auth:20.0.0] AndroidManifest.xml:33:13-72
86        <activity
86-->[com.google.firebase:firebase-auth:20.0.0] AndroidManifest.xml:35:9-52:20
87            android:name="com.google.firebase.auth.internal.GenericIdpActivity"
87-->[com.google.firebase:firebase-auth:20.0.0] AndroidManifest.xml:36:13-80
88            android:excludeFromRecents="true"
88-->[com.google.firebase:firebase-auth:20.0.0] AndroidManifest.xml:37:13-46
89            android:exported="true"
89-->[com.google.firebase:firebase-auth:20.0.0] AndroidManifest.xml:38:13-36
90            android:launchMode="singleTask"
90-->[com.google.firebase:firebase-auth:20.0.0] AndroidManifest.xml:39:13-44
91            android:theme="@android:style/Theme.Translucent.NoTitleBar" >
91-->[com.google.firebase:firebase-auth:20.0.0] AndroidManifest.xml:40:13-72
92            <intent-filter>
92-->[com.google.firebase:firebase-auth:20.0.0] AndroidManifest.xml:41:13-51:29
93                <action android:name="android.intent.action.VIEW" />
93-->[com.google.firebase:firebase-auth:20.0.0] AndroidManifest.xml:42:17-69
93-->[com.google.firebase:firebase-auth:20.0.0] AndroidManifest.xml:42:25-66
94
95                <category android:name="android.intent.category.DEFAULT" />
95-->[com.google.firebase:firebase-auth:20.0.0] AndroidManifest.xml:44:17-76
95-->[com.google.firebase:firebase-auth:20.0.0] AndroidManifest.xml:44:27-73
96                <category android:name="android.intent.category.BROWSABLE" />
96-->[com.google.firebase:firebase-auth:20.0.0] AndroidManifest.xml:45:17-78
96-->[com.google.firebase:firebase-auth:20.0.0] AndroidManifest.xml:45:27-75
97
98                <data
98-->[com.google.firebase:firebase-auth:20.0.0] AndroidManifest.xml:47:17-50:51
99                    android:host="firebase.auth"
99-->[com.google.firebase:firebase-auth:20.0.0] AndroidManifest.xml:48:21-49
100                    android:path="/"
100-->[com.google.firebase:firebase-auth:20.0.0] AndroidManifest.xml:49:21-37
101                    android:scheme="genericidp" />
101-->[com.google.firebase:firebase-auth:20.0.0] AndroidManifest.xml:50:21-48
102            </intent-filter>
103        </activity>
104        <activity
104-->[com.google.firebase:firebase-auth:20.0.0] AndroidManifest.xml:53:9-70:20
105            android:name="com.google.firebase.auth.internal.RecaptchaActivity"
105-->[com.google.firebase:firebase-auth:20.0.0] AndroidManifest.xml:54:13-79
106            android:excludeFromRecents="true"
106-->[com.google.firebase:firebase-auth:20.0.0] AndroidManifest.xml:55:13-46
107            android:exported="true"
107-->[com.google.firebase:firebase-auth:20.0.0] AndroidManifest.xml:56:13-36
108            android:launchMode="singleTask"
108-->[com.google.firebase:firebase-auth:20.0.0] AndroidManifest.xml:57:13-44
109            android:theme="@android:style/Theme.Translucent.NoTitleBar" >
109-->[com.google.firebase:firebase-auth:20.0.0] AndroidManifest.xml:58:13-72
110            <intent-filter>
110-->[com.google.firebase:firebase-auth:20.0.0] AndroidManifest.xml:59:13-69:29
111                <action android:name="android.intent.action.VIEW" />
111-->[com.google.firebase:firebase-auth:20.0.0] AndroidManifest.xml:42:17-69
111-->[com.google.firebase:firebase-auth:20.0.0] AndroidManifest.xml:42:25-66
112
113                <category android:name="android.intent.category.DEFAULT" />
113-->[com.google.firebase:firebase-auth:20.0.0] AndroidManifest.xml:44:17-76
113-->[com.google.firebase:firebase-auth:20.0.0] AndroidManifest.xml:44:27-73
114                <category android:name="android.intent.category.BROWSABLE" />
114-->[com.google.firebase:firebase-auth:20.0.0] AndroidManifest.xml:45:17-78
114-->[com.google.firebase:firebase-auth:20.0.0] AndroidManifest.xml:45:27-75
115
116                <data
116-->[com.google.firebase:firebase-auth:20.0.0] AndroidManifest.xml:47:17-50:51
117                    android:host="firebase.auth"
117-->[com.google.firebase:firebase-auth:20.0.0] AndroidManifest.xml:48:21-49
118                    android:path="/"
118-->[com.google.firebase:firebase-auth:20.0.0] AndroidManifest.xml:49:21-37
119                    android:scheme="recaptcha" />
119-->[com.google.firebase:firebase-auth:20.0.0] AndroidManifest.xml:50:21-48
120            </intent-filter>
121        </activity>
122
123        <service
123-->[com.google.firebase:firebase-auth:20.0.0] AndroidManifest.xml:72:9-81:19
124            android:name="com.google.firebase.auth.api.fallback.service.FirebaseAuthFallbackService"
124-->[com.google.firebase:firebase-auth:20.0.0] AndroidManifest.xml:73:13-101
125            android:enabled="true"
125-->[com.google.firebase:firebase-auth:20.0.0] AndroidManifest.xml:74:13-35
126            android:exported="false" >
126-->[com.google.firebase:firebase-auth:20.0.0] AndroidManifest.xml:75:13-37
127            <intent-filter>
127-->[com.google.firebase:firebase-auth:20.0.0] AndroidManifest.xml:76:13-80:29
128                <action android:name="com.google.firebase.auth.api.gms.service.START" />
128-->[com.google.firebase:firebase-auth:20.0.0] AndroidManifest.xml:77:17-89
128-->[com.google.firebase:firebase-auth:20.0.0] AndroidManifest.xml:77:25-86
129
130                <category android:name="android.intent.category.DEFAULT" />
130-->[com.google.firebase:firebase-auth:20.0.0] AndroidManifest.xml:44:17-76
130-->[com.google.firebase:firebase-auth:20.0.0] AndroidManifest.xml:44:27-73
131            </intent-filter>
132        </service>
133
134        <provider
134-->[com.squareup.picasso:picasso:2.71828] AndroidManifest.xml:8:9-11:40
135            android:name="com.squareup.picasso.PicassoProvider"
135-->[com.squareup.picasso:picasso:2.71828] AndroidManifest.xml:9:13-64
136            android:authorities="mx.com.systemjorge.lostpetsdelrincon.com.squareup.picasso"
136-->[com.squareup.picasso:picasso:2.71828] AndroidManifest.xml:10:13-72
137            android:exported="false" />
137-->[com.squareup.picasso:picasso:2.71828] AndroidManifest.xml:11:13-37
138
139        <receiver
139-->[com.google.firebase:firebase-analytics:16.0.1] AndroidManifest.xml:29:9-33:20
140            android:name="com.google.android.gms.measurement.AppMeasurementReceiver"
140-->[com.google.firebase:firebase-analytics:16.0.1] AndroidManifest.xml:30:13-85
141            android:enabled="true"
141-->[com.google.firebase:firebase-analytics:16.0.1] AndroidManifest.xml:31:13-35
142            android:exported="false" >
142-->[com.google.firebase:firebase-analytics:16.0.1] AndroidManifest.xml:32:13-37
143        </receiver>
144        <receiver
144-->[com.google.firebase:firebase-analytics:16.0.1] AndroidManifest.xml:34:9-42:20
145            android:name="com.google.android.gms.measurement.AppMeasurementInstallReferrerReceiver"
145-->[com.google.firebase:firebase-analytics:16.0.1] AndroidManifest.xml:35:13-100
146            android:enabled="true"
146-->[com.google.firebase:firebase-analytics:16.0.1] AndroidManifest.xml:36:13-35
147            android:exported="true"
147-->[com.google.firebase:firebase-analytics:16.0.1] AndroidManifest.xml:37:13-36
148            android:permission="android.permission.INSTALL_PACKAGES" >
148-->[com.google.firebase:firebase-analytics:16.0.1] AndroidManifest.xml:38:13-69
149            <intent-filter>
149-->[com.google.firebase:firebase-analytics:16.0.1] AndroidManifest.xml:39:13-41:29
150                <action android:name="com.android.vending.INSTALL_REFERRER" />
150-->[com.google.firebase:firebase-analytics:16.0.1] AndroidManifest.xml:40:17-79
150-->[com.google.firebase:firebase-analytics:16.0.1] AndroidManifest.xml:40:25-76
151            </intent-filter>
152        </receiver>
153
154        <service
154-->[com.google.firebase:firebase-analytics:16.0.1] AndroidManifest.xml:44:9-47:40
155            android:name="com.google.android.gms.measurement.AppMeasurementService"
155-->[com.google.firebase:firebase-analytics:16.0.1] AndroidManifest.xml:45:13-84
156            android:enabled="true"
156-->[com.google.firebase:firebase-analytics:16.0.1] AndroidManifest.xml:46:13-35
157            android:exported="false" />
157-->[com.google.firebase:firebase-analytics:16.0.1] AndroidManifest.xml:47:13-37
158        <service
158-->[com.google.firebase:firebase-analytics:16.0.1] AndroidManifest.xml:48:9-52:72
159            android:name="com.google.android.gms.measurement.AppMeasurementJobService"
159-->[com.google.firebase:firebase-analytics:16.0.1] AndroidManifest.xml:49:13-87
160            android:enabled="true"
160-->[com.google.firebase:firebase-analytics:16.0.1] AndroidManifest.xml:50:13-35
161            android:exported="false"
161-->[com.google.firebase:firebase-analytics:16.0.1] AndroidManifest.xml:51:13-37
162            android:permission="android.permission.BIND_JOB_SERVICE" />
162-->[com.google.firebase:firebase-analytics:16.0.1] AndroidManifest.xml:52:13-69
163
164        <receiver
164-->[com.google.firebase:firebase-iid:17.0.4] AndroidManifest.xml:37:9-44:20
165            android:name="com.google.firebase.iid.FirebaseInstanceIdReceiver"
165-->[com.google.firebase:firebase-iid:17.0.4] AndroidManifest.xml:38:13-78
166            android:exported="true"
166-->[com.google.firebase:firebase-iid:17.0.4] AndroidManifest.xml:39:13-36
167            android:permission="com.google.android.c2dm.permission.SEND" >
167-->[com.google.firebase:firebase-iid:17.0.4] AndroidManifest.xml:40:13-73
168            <intent-filter>
168-->[com.google.firebase:firebase-iid:17.0.4] AndroidManifest.xml:41:13-43:29
169                <action android:name="com.google.android.c2dm.intent.RECEIVE" />
169-->[com.google.firebase:firebase-iid:17.0.4] AndroidManifest.xml:42:17-81
169-->[com.google.firebase:firebase-iid:17.0.4] AndroidManifest.xml:42:25-78
170            </intent-filter>
171        </receiver>
172        <!--
173             FirebaseInstanceIdService performs security checks at runtime,
174             no need for explicit permissions despite exported="true"
175        -->
176        <service
176-->[com.google.firebase:firebase-iid:17.0.4] AndroidManifest.xml:50:9-56:19
177            android:name="com.google.firebase.iid.FirebaseInstanceIdService"
177-->[com.google.firebase:firebase-iid:17.0.4] AndroidManifest.xml:51:13-77
178            android:exported="true" >
178-->[com.google.firebase:firebase-iid:17.0.4] AndroidManifest.xml:52:13-36
179            <intent-filter android:priority="-500" >
179-->[com.google.firebase:firebase-iid:17.0.4] AndroidManifest.xml:53:13-55:29
179-->[com.google.firebase:firebase-iid:17.0.4] AndroidManifest.xml:53:28-51
180                <action android:name="com.google.firebase.INSTANCE_ID_EVENT" />
180-->[com.google.firebase:firebase-iid:17.0.4] AndroidManifest.xml:54:17-80
180-->[com.google.firebase:firebase-iid:17.0.4] AndroidManifest.xml:54:25-77
181            </intent-filter>
182        </service>
183
184        <activity
184-->[com.google.android.gms:play-services-base:17.1.0] AndroidManifest.xml:23:9-26:75
185            android:name="com.google.android.gms.common.api.GoogleApiActivity"
185-->[com.google.android.gms:play-services-base:17.1.0] AndroidManifest.xml:24:13-79
186            android:exported="false"
186-->[com.google.android.gms:play-services-base:17.1.0] AndroidManifest.xml:25:13-37
187            android:theme="@android:style/Theme.Translucent.NoTitleBar" />
187-->[com.google.android.gms:play-services-base:17.1.0] AndroidManifest.xml:26:13-72
188
189        <provider
189-->[com.google.firebase:firebase-common:19.3.0] AndroidManifest.xml:26:9-30:39
190            android:name="com.google.firebase.provider.FirebaseInitProvider"
190-->[com.google.firebase:firebase-common:19.3.0] AndroidManifest.xml:27:13-77
191            android:authorities="mx.com.systemjorge.lostpetsdelrincon.firebaseinitprovider"
191-->[com.google.firebase:firebase-common:19.3.0] AndroidManifest.xml:28:13-72
192            android:exported="false"
192-->[com.google.firebase:firebase-common:19.3.0] AndroidManifest.xml:29:13-37
193            android:initOrder="100" />
193-->[com.google.firebase:firebase-common:19.3.0] AndroidManifest.xml:30:13-36
194
195        <meta-data
195-->[com.google.android.gms:play-services-basement:17.1.0] AndroidManifest.xml:23:9-25:69
196            android:name="com.google.android.gms.version"
196-->[com.google.android.gms:play-services-basement:17.1.0] AndroidManifest.xml:24:13-58
197            android:value="@integer/google_play_services_version" />
197-->[com.google.android.gms:play-services-basement:17.1.0] AndroidManifest.xml:25:13-66
198    </application>
199
200</manifest>